<?xml version="1.0" encoding="UTF-8"?>
<!-- Generated by org.testng.reporters.JUnitXMLReporter -->
<testsuite hostname="DESKTOP-LAQ1V6H" ignored="0" name="GoogleAccountTestChrome" tests="3" failures="0" timestamp="09 Apr 2021 01:28:25 GMT" time="48.03" errors="0">
  <testcase name="loginTest" time="5.188" classname="com.digitalcompass.testCases.DCom_TC_001"/>
  <testcase name="invalidLoginTest" time="9.794" classname="com.digitalcompass.testCases.DCom_TC_002"/>
  <testcase name="fbLoginTest" time="17.827" classname="com.digitalcompass.testCases.DCom_TC_003"/>
</testsuite> <!-- GoogleAccountTestChrome -->
