<?xml version="1.0" encoding="UTF-8"?>
<testng-results skipped="0" failed="0" ignored="0" total="3" passed="3">
  <reporter-output>
  </reporter-output>
  <suite name="DigitalCompass" duration-ms="52529" started-at="2021-04-09T01:38:45Z" finished-at="2021-04-09T01:39:38Z">
    <groups>
    </groups>
    <test name="DCom_TC_002" duration-ms="47518" started-at="2021-04-09T01:38:45Z" finished-at="2021-04-09T01:39:33Z">
      <class name="com.digitalcompass.testCases.DCom_TC_002">
        <test-method status="PASS" signature="setup(java.lang.String)[pri:0, instance:com.digitalcompass.testCases.DCom_TC_002@26b3fd41]" name="setup" is-config="true" duration-ms="23498" started-at="2021-04-09T01:38:46Z" finished-at="2021-04-09T01:39:09Z">
          <params>
            <param index="0">
              <value>
                <![CDATA[firefox]]>
              </value>
            </param>
          </params>
          <reporter-output>
          </reporter-output>
        </test-method> <!-- setup -->
        <test-method status="PASS" signature="invalidLoginTest()[pri:0, instance:com.digitalcompass.testCases.DCom_TC_002@26b3fd41]" name="invalidLoginTest" duration-ms="16976" started-at="2021-04-09T01:39:09Z" finished-at="2021-04-09T01:39:26Z">
          <reporter-output>
          </reporter-output>
        </test-method> <!-- invalidLoginTest -->
        <test-method status="PASS" signature="tearDown()[pri:0, instance:com.digitalcompass.testCases.DCom_TC_002@26b3fd41]" name="tearDown" is-config="true" duration-ms="6838" started-at="2021-04-09T01:39:26Z" finished-at="2021-04-09T01:39:33Z">
          <reporter-output>
          </reporter-output>
        </test-method> <!-- tearDown -->
      </class> <!-- com.digitalcompass.testCases.DCom_TC_002 -->
    </test> <!-- DCom_TC_002 -->
    <test name="DCom_TC_001" duration-ms="47291" started-at="2021-04-09T01:38:45Z" finished-at="2021-04-09T01:39:33Z">
      <class name="com.digitalcompass.testCases.DCom_TC_001">
        <test-method status="PASS" signature="setup(java.lang.String)[pri:0, instance:com.digitalcompass.testCases.DCom_TC_001@63475ace]" name="setup" is-config="true" duration-ms="23697" started-at="2021-04-09T01:38:45Z" finished-at="2021-04-09T01:39:09Z">
          <params>
            <param index="0">
              <value>
                <![CDATA[firefox]]>
              </value>
            </param>
          </params>
          <reporter-output>
          </reporter-output>
        </test-method> <!-- setup -->
        <test-method status="PASS" signature="loginTest()[pri:0, instance:com.digitalcompass.testCases.DCom_TC_001@63475ace]" name="loginTest" duration-ms="14304" started-at="2021-04-09T01:39:09Z" finished-at="2021-04-09T01:39:23Z">
          <reporter-output>
          </reporter-output>
        </test-method> <!-- loginTest -->
        <test-method status="PASS" signature="tearDown()[pri:0, instance:com.digitalcompass.testCases.DCom_TC_001@63475ace]" name="tearDown" is-config="true" duration-ms="9127" started-at="2021-04-09T01:39:23Z" finished-at="2021-04-09T01:39:33Z">
          <reporter-output>
          </reporter-output>
        </test-method> <!-- tearDown -->
      </class> <!-- com.digitalcompass.testCases.DCom_TC_001 -->
    </test> <!-- DCom_TC_001 -->
    <test name="DCom_TC_003" duration-ms="52529" started-at="2021-04-09T01:38:45Z" finished-at="2021-04-09T01:39:38Z">
      <class name="com.digitalcompass.testCases.DCom_TC_003">
        <test-method status="PASS" signature="setup(java.lang.String)[pri:0, instance:com.digitalcompass.testCases.DCom_TC_003@757277dc]" name="setup" is-config="true" duration-ms="23678" started-at="2021-04-09T01:38:45Z" finished-at="2021-04-09T01:39:09Z">
          <params>
            <param index="0">
              <value>
                <![CDATA[firefox]]>
              </value>
            </param>
          </params>
          <reporter-output>
          </reporter-output>
        </test-method> <!-- setup -->
        <test-method status="PASS" signature="fbLoginTest()[pri:0, instance:com.digitalcompass.testCases.DCom_TC_003@757277dc]" name="fbLoginTest" duration-ms="26505" started-at="2021-04-09T01:39:09Z" finished-at="2021-04-09T01:39:36Z">
          <reporter-output>
          </reporter-output>
        </test-method> <!-- fbLoginTest -->
        <test-method status="PASS" signature="tearDown()[pri:0, instance:com.digitalcompass.testCases.DCom_TC_003@757277dc]" name="tearDown" is-config="true" duration-ms="2281" started-at="2021-04-09T01:39:36Z" finished-at="2021-04-09T01:39:38Z">
          <reporter-output>
          </reporter-output>
        </test-method> <!-- tearDown -->
      </class> <!-- com.digitalcompass.testCases.DCom_TC_003 -->
    </test> <!-- DCom_TC_003 -->
  </suite> <!-- DigitalCompass -->
</testng-results>
